<?xml version="1.0" encoding="UTF-8"?>
<!-- Generated by org.testng.reporters.JUnitXMLReporter -->
<testsuite hostname="Terrys-MacBook-Pro.local" ignored="0" name="用户管理系统测试用例" tests="9" failures="1" timestamp="2020-03-04T17:03:52 CST" time="2.459" errors="0">
  <testcase name="test01" time="1.138" classname="com.api.cases.Login"/>
  <testcase name="test02" time="0.18" classname="com.api.cases.Login"/>
  <testcase name="test03" time="0.13" classname="com.api.cases.Login"/>
  <testcase name="test04" time="0.185" classname="com.api.cases.Login"/>
  <testcase name="test05" time="0.161" classname="com.api.cases.Login"/>
  <testcase name="test06" time="0.178" classname="com.api.cases.Login"/>
  <testcase name="test07" time="0.17" classname="com.api.cases.Login"/>
  <testcase name="test08" time="0.18" classname="com.api.cases.Login"/>
  <testcase name="test09" time="0.086" classname="com.api.cases.Login">
    <failure type="java.lang.AssertionError" message="expected [200] but found [400]">
      <![CDATA[java.lang.AssertionError: expected [200] but found [400]
at com.api.cases.Login.run(Login.java:96)
at com.api.cases.Login.test09(Login.java:81)
at java.util.ArrayList.forEach(ArrayList.java:1257)
... Removed 36 stack frames]]>
    </failure>
  </testcase> <!-- test09 -->
</testsuite> <!-- 用户管理系统测试用例 -->
