<?xml version="1.0" encoding="UTF-8"?>
<testng-results skipped="0" failed="0" ignored="0" total="9" passed="9">
  <reporter-output>
  </reporter-output>
  <suite name="Login Feature" duration-ms="2732" started-at="2020-03-05T03:12:28 CST" finished-at="2020-03-05T03:12:31 CST">
    <groups>
      <group name="login">
        <method signature="Login.test01()[pri:0, instance:com.api.cases.Login@2ef5e5e3]" name="test01" class="com.api.cases.Login"/>
        <method signature="Login.test02()[pri:0, instance:com.api.cases.Login@2ef5e5e3]" name="test02" class="com.api.cases.Login"/>
        <method signature="Login.test03()[pri:0, instance:com.api.cases.Login@2ef5e5e3]" name="test03" class="com.api.cases.Login"/>
        <method signature="Login.test04()[pri:0, instance:com.api.cases.Login@2ef5e5e3]" name="test04" class="com.api.cases.Login"/>
        <method signature="Login.test05()[pri:0, instance:com.api.cases.Login@2ef5e5e3]" name="test05" class="com.api.cases.Login"/>
        <method signature="Login.test06()[pri:0, instance:com.api.cases.Login@2ef5e5e3]" name="test06" class="com.api.cases.Login"/>
        <method signature="Login.test07()[pri:0, instance:com.api.cases.Login@2ef5e5e3]" name="test07" class="com.api.cases.Login"/>
        <method signature="Login.test08()[pri:0, instance:com.api.cases.Login@2ef5e5e3]" name="test08" class="com.api.cases.Login"/>
        <method signature="Login.test09()[pri:0, instance:com.api.cases.Login@2ef5e5e3]" name="test09" class="com.api.cases.Login"/>
      </group> <!-- login -->
    </groups>
    <test name="Login Test Cases" duration-ms="2732" started-at="2020-03-05T03:12:28 CST" finished-at="2020-03-05T03:12:31 CST">
      <class name="com.api.cases.Login">
        <test-method status="PASS" signature="setUp()[pri:0, instance:com.api.cases.Login@2ef5e5e3]" name="setUp" is-config="true" duration-ms="11" started-at="2020-03-05T03:12:28 CST" description="初始化数据" finished-at="2020-03-05T03:12:28 CST">
          <reporter-output>
          </reporter-output>
        </test-method> <!-- setUp -->
        <test-method status="PASS" signature="test01()[pri:0, instance:com.api.cases.Login@2ef5e5e3]" name="test01" duration-ms="1310" started-at="2020-03-05T03:12:28 CST" description="用户名密码正确 登陆成功" finished-at="2020-03-05T03:12:30 CST">
          <reporter-output>
          </reporter-output>
        </test-method> <!-- test01 -->
        <test-method status="PASS" signature="test02()[pri:0, instance:com.api.cases.Login@2ef5e5e3]" name="test02" duration-ms="157" started-at="2020-03-05T03:12:30 CST" description="登陆失败 密码错误" finished-at="2020-03-05T03:12:30 CST">
          <reporter-output>
          </reporter-output>
        </test-method> <!-- test02 -->
        <test-method status="PASS" signature="test03()[pri:0, instance:com.api.cases.Login@2ef5e5e3]" name="test03" duration-ms="167" started-at="2020-03-05T03:12:30 CST" description="登陆失败 用户不存在" finished-at="2020-03-05T03:12:30 CST">
          <reporter-output>
          </reporter-output>
        </test-method> <!-- test03 -->
        <test-method status="PASS" signature="test04()[pri:0, instance:com.api.cases.Login@2ef5e5e3]" name="test04" duration-ms="194" started-at="2020-03-05T03:12:30 CST" description="用户名只有1个字符" finished-at="2020-03-05T03:12:30 CST">
          <reporter-output>
          </reporter-output>
        </test-method> <!-- test04 -->
        <test-method status="PASS" signature="test05()[pri:0, instance:com.api.cases.Login@2ef5e5e3]" name="test05" duration-ms="182" started-at="2020-03-05T03:12:30 CST" description="用户名含有20个字符" finished-at="2020-03-05T03:12:31 CST">
          <reporter-output>
          </reporter-output>
        </test-method> <!-- test05 -->
        <test-method status="PASS" signature="test06()[pri:0, instance:com.api.cases.Login@2ef5e5e3]" name="test06" duration-ms="153" started-at="2020-03-05T03:12:31 CST" description="用户名为中文" finished-at="2020-03-05T03:12:31 CST">
          <reporter-output>
          </reporter-output>
        </test-method> <!-- test06 -->
        <test-method status="PASS" signature="test07()[pri:0, instance:com.api.cases.Login@2ef5e5e3]" name="test07" duration-ms="162" started-at="2020-03-05T03:12:31 CST" description="用户名为数字" finished-at="2020-03-05T03:12:31 CST">
          <reporter-output>
          </reporter-output>
        </test-method> <!-- test07 -->
        <test-method status="PASS" signature="test08()[pri:0, instance:com.api.cases.Login@2ef5e5e3]" name="test08" duration-ms="200" started-at="2020-03-05T03:12:31 CST" description="用户名为特殊字符" finished-at="2020-03-05T03:12:31 CST">
          <reporter-output>
          </reporter-output>
        </test-method> <!-- test08 -->
        <test-method status="PASS" signature="test09()[pri:0, instance:com.api.cases.Login@2ef5e5e3]" name="test09" duration-ms="155" started-at="2020-03-05T03:12:31 CST" description="用户名中间有空格" finished-at="2020-03-05T03:12:31 CST">
          <reporter-output>
          </reporter-output>
        </test-method> <!-- test09 -->
        <test-method status="PASS" signature="tearDown()[pri:0, instance:com.api.cases.Login@2ef5e5e3]" name="tearDown" is-config="true" duration-ms="0" started-at="2020-03-05T03:12:31 CST" finished-at="2020-03-05T03:12:31 CST">
          <reporter-output>
          </reporter-output>
        </test-method> <!-- tearDown -->
      </class> <!-- com.api.cases.Login -->
    </test> <!-- Login Test Cases -->
  </suite> <!-- Login Feature -->
</testng-results>
