<?xml version="1.0" encoding="UTF-8"?>
<testsuite xmlns:xsi="http://www.w3.org/2001/XMLSchema-instance" xsi:noNamespaceSchemaLocation="https://maven.apache.org/surefire/maven-surefire-plugin/xsd/surefire-test-report.xsd" name="TestSuite" time="13.299" tests="9" errors="0" skipped="0" failures="1">
  <properties>
[...]
</properties>
  <testcase name="test01" classname="com.api.cases.Login" time="1.197"/>
  <testcase name="test02" classname="com.api.cases.Login" time="0.188"/>
  <testcase name="test03" classname="com.api.cases.Login" time="0.166"/>
  <testcase name="test04" classname="com.api.cases.Login" time="0.173"/>
  <testcase name="test05" classname="com.api.cases.Login" time="0.133"/>
  <testcase name="test06" classname="com.api.cases.Login" time="0.181"/>
  <testcase name="test07" classname="com.api.cases.Login" time="0.208"/>
  <testcase name="test08" classname="com.api.cases.Login" time="0.191"/>
  <testcase name="test09" classname="com.api.cases.Login" time="0.095">
    <failure message="expected [200] but found [400]" type="java.lang.AssertionError">java.lang.AssertionError: expected [200] but found [400]
	at com.api.cases.Login.run(Login.java:96)
	at com.api.cases.Login.test09(Login.java:81)
</failure>
    <system-err><![CDATA[Wed Mar 04 17:02:18 CST 2020 WARN: Establishing SSL connection without server's identity verification is not recommended. According to MySQL 5.5.45+, 5.6.26+ and 5.7.6+ requirements SSL connection must be established by default if explicit option isn't set. For compliance with existing applications not using SSL the verifyServerCertificate property is set to 'false'. You need either to explicitly disable SSL by setting useSSL=false, or set useSSL=true and provide truststore for server certificate verification.
]]></system-err>
  </testcase>
</testsuite>