<?xml version="1.0" encoding="UTF-8"?>
<!-- Generated by org.testng.reporters.JUnitXMLReporter -->
<testsuite hostname="Terrys-MacBook-Pro.local" ignored="0" name="Login Test Cases" tests="9" failures="0" timestamp="2020-03-05T03:12:36 CST" time="2.732" errors="0">
  <testcase name="test01" time="1.31" classname="com.api.cases.Login"/>
  <testcase name="test02" time="0.157" classname="com.api.cases.Login"/>
  <testcase name="test03" time="0.167" classname="com.api.cases.Login"/>
  <testcase name="test04" time="0.194" classname="com.api.cases.Login"/>
  <testcase name="test05" time="0.182" classname="com.api.cases.Login"/>
  <testcase name="test06" time="0.153" classname="com.api.cases.Login"/>
  <testcase name="test07" time="0.162" classname="com.api.cases.Login"/>
  <testcase name="test08" time="0.2" classname="com.api.cases.Login"/>
  <testcase name="test09" time="0.155" classname="com.api.cases.Login"/>
</testsuite> <!-- Login Test Cases -->
